<?xml version="1.0" encoding="UTF-8"?>
<testsuite name="test_singleton_access_manager_tests.MyTestCase-20210521173059" tests="1" file="test_singleton_access_manager_tests.py" time="0.003" timestamp="2021-05-21T17:31:00" failures="0" errors="0" skipped="0">
	<testcase classname="test_singleton_access_manager_tests.MyTestCase" name="test_singleton_access_manager" time="0.003" timestamp="2021-05-21T17:31:00"/>
</testsuite>
